
> client@0.1.0 start
> react-scripts start

(node:103031) [DEP_WEBPACK_DEV_SERVER_ON_AFTER_SETUP_MIDDLEWARE] DeprecationWarning: 'onAfterSetupMiddleware' option is deprecated. Please use the 'setupMiddlewares' option.
(Use `node --trace-deprecation ...` to show where the warning was created)
(node:103031) [DEP_WEBPACK_DEV_SERVER_ON_BEFORE_SETUP_MIDDLEWARE] DeprecationWarning: 'onBeforeSetupMiddleware' option is deprecated. Please use the 'setupMiddlewares' option.
Starting the development server...

Compiled with warnings.

[eslint]
src/components/Carousel.js
  Line 9:13:  'theme' is assigned a value but never used  no-unused-vars

src/components/StatusModal.js
  Line 40:12:  'mentionSearch' is assigned a value but never used  no-unused-vars

src/components/message/MsgDisplay.js
  Line 316:54:  Unexpected mix of '&&' and '||'. Use parentheses to clarify the intended order of operations  no-mixed-operators
  Line 316:86:  Unexpected mix of '&&' and '||'. Use parentheses to clarify the intended order of operations  no-mixed-operators

src/components/message/RightSide.js
  Line 8:10:  'imageShow' is defined but never used  no-unused-vars
  Line 8:21:  'videoShow' is defined but never used  no-unused-vars

src/components/postCard/comments/CommentCard.js
  Line 13:19:  'theme' is assigned a value but never used  no-unused-vars

Search for the keywords to learn more about each warning.
To ignore, add // eslint-disable-next-line to the line before.

WARNING in [eslint]
src/components/Carousel.js
  Line 9:13:  'theme' is assigned a value but never used  no-unused-vars

src/components/StatusModal.js
  Line 40:12:  'mentionSearch' is assigned a value but never used  no-unused-vars

src/components/message/MsgDisplay.js
  Line 316:54:  Unexpected mix of '&&' and '||'. Use parentheses to clarify the intended order of operations  no-mixed-operators
  Line 316:86:  Unexpected mix of '&&' and '||'. Use parentheses to clarify the intended order of operations  no-mixed-operators

src/components/message/RightSide.js
  Line 8:10:  'imageShow' is defined but never used  no-unused-vars
  Line 8:21:  'videoShow' is defined but never used  no-unused-vars

src/components/postCard/comments/CommentCard.js
  Line 13:19:  'theme' is assigned a value but never used  no-unused-vars

webpack compiled with 1 warning
(node:103031) [DEP0060] DeprecationWarning: The `util._extend` API is deprecated. Please use Object.assign() instead.
Proxy error: Could not proxy request /socket.io/?EIO=4&transport=polling&t=z5f0c7u9 from localhost:3000 to http://localhost:5000.
See https://nodejs.org/api/errors.html#errors_common_system_errors for more information (ECONNREFUSED).

Proxy error: Could not proxy request /socket.io/?EIO=4&transport=polling&t=z5f15jhi from localhost:3000 to http://localhost:5000.
See https://nodejs.org/api/errors.html#errors_common_system_errors for more information (ECONNREFUSED).

Proxy error: Could not proxy request /socket.io/?EIO=4&transport=polling&t=z5fm2lnj from localhost:3000 to http://localhost:5000.
See https://nodejs.org/api/errors.html#errors_common_system_errors for more information (ECONNREFUSED).

Proxy error: Could not proxy request /api/login from localhost:3000 to http://localhost:5000.
See https://nodejs.org/api/errors.html#errors_common_system_errors for more information (ECONNREFUSED).

Proxy error: Could not proxy request /socket.io/?EIO=4&transport=polling&t=z5hetgoi from localhost:3000 to http://localhost:5000.
See https://nodejs.org/api/errors.html#errors_common_system_errors for more information (ECONNREFUSED).

Proxy error: Could not proxy request /socket.io/?EIO=4&transport=polling&t=z5ihzrji from localhost:3000 to http://localhost:5000.
See https://nodejs.org/api/errors.html#errors_common_system_errors for more information (ECONNREFUSED).

Proxy error: Could not proxy request /socket.io/?EIO=4&transport=polling&t=z5iicjhn from localhost:3000 to http://localhost:5000.
See https://nodejs.org/api/errors.html#errors_common_system_errors for more information (ECONNREFUSED).

Proxy error: Could not proxy request /socket.io/?EIO=4&transport=polling&t=z5kg809t from localhost:3000 to http://localhost:5000.
See https://nodejs.org/api/errors.html#errors_common_system_errors for more information (ECONNREFUSED).
